<?xml version="1.0" encoding="UTF-8"?>
<!-- Generated by org.testng.reporters.JUnitReportReporter -->
<testsuite hostname="DESKTOP-QVM6J4J" failures="0" tests="4" name="TestCases.Testngdemo" time="0.010" errors="0" timestamp="2022-09-30T22:04:51 IST" skipped="0">
  <testcase classname="TestCases.Testngdemo" name="test3" time="0.001"/>
  <system-out/>
  <testcase classname="TestCases.Testngdemo" name="test2" time="0.002"/>
  <system-out/>
  <testcase classname="TestCases.Testngdemo" name="test1" time="0.006"/>
  <system-out/>
  <testcase classname="TestCases.Testngdemo" name="test4" time="0.001"/>
  <system-out/>
</testsuite> <!-- TestCases.Testngdemo -->
